c:\dae\progg4\progg4engine\minigin + dearimgui\minigin\x64\debug\vc143.pdb
c:\dae\progg4\progg4engine\minigin + dearimgui\minigin\x64\debug\vc143.idb
c:\dae\progg4\progg4engine\minigin + dearimgui\minigin\x64\debug\scoreobserver.obj
c:\dae\progg4\progg4engine\minigin + dearimgui\minigin\x64\debug\scorecomponent.obj
c:\dae\progg4\progg4engine\minigin + dearimgui\minigin\x64\debug\movecomponent.obj
c:\dae\progg4\progg4engine\minigin + dearimgui\minigin\x64\debug\mapcreator.obj
c:\dae\progg4\progg4engine\minigin + dearimgui\minigin\x64\debug\main.obj
c:\dae\progg4\progg4engine\minigin + dearimgui\minigin\x64\debug\healthcomponent.obj
c:\dae\progg4\progg4engine\minigin + dearimgui\minigin\x64\debug\deathobserver.obj
c:\dae\progg4\progg4engine\minigin + dearimgui\minigin\x64\debug\commands.obj
c:\dae\progg4\progg4engine\minigin + dearimgui\minigin\x64\debug\audionavigator.obj
c:\dae\progg4\progg4engine\minigin + dearimgui\x64\debug\minigin_qbert.pdb
c:\dae\progg4\progg4engine\minigin + dearimgui\minigin\x64\debug\minigin_qbert.tlog\cl.command.1.tlog
c:\dae\progg4\progg4engine\minigin + dearimgui\minigin\x64\debug\minigin_qbert.tlog\cl.read.1.tlog
c:\dae\progg4\progg4engine\minigin + dearimgui\minigin\x64\debug\minigin_qbert.tlog\cl.write.1.tlog
c:\dae\progg4\progg4engine\minigin + dearimgui\minigin\x64\debug\minigin_qbert.tlog\link-cvtres.read.1.tlog
c:\dae\progg4\progg4engine\minigin + dearimgui\minigin\x64\debug\minigin_qbert.tlog\link-cvtres.write.1.tlog
c:\dae\progg4\progg4engine\minigin + dearimgui\minigin\x64\debug\minigin_qbert.tlog\link-rc.read.1.tlog
c:\dae\progg4\progg4engine\minigin + dearimgui\minigin\x64\debug\minigin_qbert.tlog\link-rc.write.1.tlog
c:\dae\progg4\progg4engine\minigin + dearimgui\minigin\x64\debug\minigin_qbert.tlog\link.command.1.tlog
c:\dae\progg4\progg4engine\minigin + dearimgui\minigin\x64\debug\minigin_qbert.tlog\link.read.1.tlog
c:\dae\progg4\progg4engine\minigin + dearimgui\minigin\x64\debug\minigin_qbert.tlog\link.read.2.tlog
c:\dae\progg4\progg4engine\minigin + dearimgui\minigin\x64\debug\minigin_qbert.tlog\link.write.1.tlog
